2023/09/19 11:18:31 [notice] 1#1: using the "epoll" event method
2023/09/19 11:18:31 [notice] 1#1: nginx/1.25.2
2023/09/19 11:18:31 [notice] 1#1: built by gcc 12.2.0 (Debian 12.2.0-14) 
2023/09/19 11:18:31 [notice] 1#1: OS: Linux 6.2.0-32-generic
2023/09/19 11:18:31 [notice] 1#1: getrlimit(RLIMIT_NOFILE): 1048576:1048576
2023/09/19 11:18:31 [notice] 1#1: start worker processes
2023/09/19 11:18:31 [notice] 1#1: start worker process 7
2023/09/19 11:18:31 [notice] 1#1: start worker process 8
2023/09/19 11:18:31 [notice] 1#1: start worker process 9
2023/09/19 11:18:31 [notice] 1#1: start worker process 10
2023/09/19 11:18:31 [notice] 1#1: start worker process 11
2023/09/19 11:18:31 [notice] 1#1: start worker process 12
2023/09/19 11:18:31 [notice] 1#1: start worker process 13
2023/09/19 11:18:31 [notice] 1#1: start worker process 14
2023/09/19 11:18:31 [notice] 1#1: start worker process 15
2023/09/19 11:18:31 [notice] 1#1: start worker process 16
2023/09/19 11:18:31 [notice] 1#1: start worker process 17
2023/09/19 11:18:31 [notice] 1#1: start worker process 18
2023/09/19 11:23:47 [notice] 1#1: signal 3 (SIGQUIT) received, shutting down
2023/09/19 11:23:47 [notice] 7#7: gracefully shutting down
2023/09/19 11:23:47 [notice] 10#10: gracefully shutting down
2023/09/19 11:23:47 [notice] 13#13: gracefully shutting down
2023/09/19 11:23:47 [notice] 11#11: gracefully shutting down
2023/09/19 11:23:47 [notice] 7#7: exiting
2023/09/19 11:23:47 [notice] 8#8: gracefully shutting down
2023/09/19 11:23:47 [notice] 17#17: gracefully shutting down
2023/09/19 11:23:47 [notice] 16#16: gracefully shutting down
2023/09/19 11:23:47 [notice] 10#10: exiting
2023/09/19 11:23:47 [notice] 15#15: gracefully shutting down
2023/09/19 11:23:47 [notice] 13#13: exiting
2023/09/19 11:23:47 [notice] 18#18: gracefully shutting down
2023/09/19 11:23:47 [notice] 14#14: gracefully shutting down
2023/09/19 11:23:47 [notice] 9#9: gracefully shutting down
2023/09/19 11:23:47 [notice] 11#11: exiting
2023/09/19 11:23:47 [notice] 12#12: gracefully shutting down
2023/09/19 11:23:47 [notice] 8#8: exiting
2023/09/19 11:23:47 [notice] 7#7: exit
2023/09/19 11:23:47 [notice] 17#17: exiting
2023/09/19 11:23:47 [notice] 16#16: exiting
2023/09/19 11:23:47 [notice] 15#15: exiting
2023/09/19 11:23:47 [notice] 18#18: exiting
2023/09/19 11:23:47 [notice] 14#14: exiting
2023/09/19 11:23:47 [notice] 10#10: exit
2023/09/19 11:23:47 [notice] 9#9: exiting
2023/09/19 11:23:47 [notice] 13#13: exit
2023/09/19 11:23:47 [notice] 12#12: exiting
2023/09/19 11:23:47 [notice] 17#17: exit
2023/09/19 11:23:47 [notice] 11#11: exit
2023/09/19 11:23:47 [notice] 15#15: exit
2023/09/19 11:23:47 [notice] 14#14: exit
2023/09/19 11:23:47 [notice] 18#18: exit
2023/09/19 11:23:47 [notice] 16#16: exit
2023/09/19 11:23:47 [notice] 8#8: exit
2023/09/19 11:23:47 [notice] 9#9: exit
2023/09/19 11:23:47 [notice] 12#12: exit
2023/09/19 11:23:47 [notice] 1#1: signal 17 (SIGCHLD) received from 18
2023/09/19 11:23:47 [notice] 1#1: worker process 18 exited with code 0
2023/09/19 11:23:47 [notice] 1#1: signal 29 (SIGIO) received
2023/09/19 11:23:47 [notice] 1#1: signal 17 (SIGCHLD) received from 13
2023/09/19 11:23:47 [notice] 1#1: worker process 13 exited with code 0
2023/09/19 11:23:47 [notice] 1#1: signal 29 (SIGIO) received
2023/09/19 11:23:47 [notice] 1#1: signal 17 (SIGCHLD) received from 15
2023/09/19 11:23:47 [notice] 1#1: worker process 15 exited with code 0
2023/09/19 11:23:47 [notice] 1#1: signal 29 (SIGIO) received
2023/09/19 11:23:47 [notice] 1#1: signal 17 (SIGCHLD) received from 17
2023/09/19 11:23:47 [notice] 1#1: worker process 17 exited with code 0
2023/09/19 11:23:47 [notice] 1#1: worker process 14 exited with code 0
2023/09/19 11:23:47 [notice] 1#1: signal 29 (SIGIO) received
2023/09/19 11:23:47 [notice] 1#1: signal 17 (SIGCHLD) received from 14
2023/09/19 11:23:47 [notice] 1#1: signal 17 (SIGCHLD) received from 10
2023/09/19 11:23:47 [notice] 1#1: worker process 10 exited with code 0
2023/09/19 11:23:47 [notice] 1#1: signal 29 (SIGIO) received
2023/09/19 11:23:47 [notice] 1#1: signal 17 (SIGCHLD) received from 11
2023/09/19 11:23:47 [notice] 1#1: worker process 8 exited with code 0
2023/09/19 11:23:47 [notice] 1#1: worker process 11 exited with code 0
2023/09/19 11:23:47 [notice] 1#1: signal 29 (SIGIO) received
2023/09/19 11:23:47 [notice] 1#1: signal 17 (SIGCHLD) received from 8
2023/09/19 11:23:47 [notice] 1#1: signal 17 (SIGCHLD) received from 9
2023/09/19 11:23:47 [notice] 1#1: worker process 7 exited with code 0
2023/09/19 11:23:47 [notice] 1#1: worker process 9 exited with code 0
2023/09/19 11:23:47 [notice] 1#1: signal 29 (SIGIO) received
2023/09/19 11:23:47 [notice] 1#1: signal 17 (SIGCHLD) received from 16
2023/09/19 11:23:47 [notice] 1#1: worker process 12 exited with code 0
2023/09/19 11:23:47 [notice] 1#1: worker process 16 exited with code 0
2023/09/19 11:23:47 [notice] 1#1: exit
2023/09/19 11:25:20 [notice] 1#1: using the "epoll" event method
2023/09/19 11:25:20 [notice] 1#1: nginx/1.25.2
2023/09/19 11:25:20 [notice] 1#1: built by gcc 12.2.0 (Debian 12.2.0-14) 
2023/09/19 11:25:20 [notice] 1#1: OS: Linux 6.2.0-32-generic
2023/09/19 11:25:20 [notice] 1#1: getrlimit(RLIMIT_NOFILE): 1048576:1048576
2023/09/19 11:25:20 [notice] 1#1: start worker processes
2023/09/19 11:25:20 [notice] 1#1: start worker process 7
2023/09/19 11:25:20 [notice] 1#1: start worker process 8
2023/09/19 11:25:20 [notice] 1#1: start worker process 9
2023/09/19 11:25:20 [notice] 1#1: start worker process 10
2023/09/19 11:25:20 [notice] 1#1: start worker process 11
2023/09/19 11:25:20 [notice] 1#1: start worker process 12
2023/09/19 11:25:20 [notice] 1#1: start worker process 13
2023/09/19 11:25:20 [notice] 1#1: start worker process 14
2023/09/19 11:25:20 [notice] 1#1: start worker process 15
2023/09/19 11:25:20 [notice] 1#1: start worker process 16
2023/09/19 11:25:20 [notice] 1#1: start worker process 17
2023/09/19 11:25:20 [notice] 1#1: start worker process 18
2023/09/19 11:30:51 [notice] 1#1: signal 3 (SIGQUIT) received, shutting down
2023/09/19 11:30:51 [notice] 7#7: gracefully shutting down
2023/09/19 11:30:51 [notice] 10#10: gracefully shutting down
2023/09/19 11:30:51 [notice] 11#11: gracefully shutting down
2023/09/19 11:30:51 [notice] 9#9: gracefully shutting down
2023/09/19 11:30:51 [notice] 12#12: gracefully shutting down
2023/09/19 11:30:51 [notice] 14#14: gracefully shutting down
2023/09/19 11:30:51 [notice] 7#7: exiting
2023/09/19 11:30:51 [notice] 15#15: gracefully shutting down
2023/09/19 11:30:51 [notice] 16#16: gracefully shutting down
2023/09/19 11:30:51 [notice] 10#10: exiting
2023/09/19 11:30:51 [notice] 8#8: gracefully shutting down
2023/09/19 11:30:51 [notice] 13#13: gracefully shutting down
2023/09/19 11:30:51 [notice] 11#11: exiting
2023/09/19 11:30:51 [notice] 9#9: exiting
2023/09/19 11:30:51 [notice] 12#12: exiting
2023/09/19 11:30:51 [notice] 14#14: exiting
2023/09/19 11:30:51 [notice] 15#15: exiting
2023/09/19 11:30:51 [notice] 16#16: exiting
2023/09/19 11:30:51 [notice] 7#7: exit
2023/09/19 11:30:51 [notice] 8#8: exiting
2023/09/19 11:30:51 [notice] 13#13: exiting
2023/09/19 11:30:51 [notice] 10#10: exit
2023/09/19 11:30:51 [notice] 11#11: exit
2023/09/19 11:30:51 [notice] 9#9: exit
2023/09/19 11:30:51 [notice] 14#14: exit
2023/09/19 11:30:51 [notice] 12#12: exit
2023/09/19 11:30:51 [notice] 15#15: exit
2023/09/19 11:30:51 [notice] 16#16: exit
2023/09/19 11:30:51 [notice] 8#8: exit
2023/09/19 11:30:51 [notice] 13#13: exit
2023/09/19 11:30:51 [notice] 18#18: gracefully shutting down
2023/09/19 11:30:51 [notice] 18#18: exiting
2023/09/19 11:30:51 [notice] 18#18: exit
2023/09/19 11:30:51 [notice] 17#17: gracefully shutting down
2023/09/19 11:30:51 [notice] 17#17: exiting
2023/09/19 11:30:51 [notice] 17#17: exit
2023/09/19 11:30:51 [notice] 1#1: signal 17 (SIGCHLD) received from 16
2023/09/19 11:30:51 [notice] 1#1: worker process 7 exited with code 0
2023/09/19 11:30:51 [notice] 1#1: worker process 16 exited with code 0
2023/09/19 11:30:51 [notice] 1#1: signal 29 (SIGIO) received
2023/09/19 11:30:51 [notice] 1#1: signal 17 (SIGCHLD) received from 7
2023/09/19 11:30:51 [notice] 1#1: signal 17 (SIGCHLD) received from 18
2023/09/19 11:30:51 [notice] 1#1: worker process 18 exited with code 0
2023/09/19 11:30:51 [notice] 1#1: signal 29 (SIGIO) received
2023/09/19 11:30:51 [notice] 1#1: signal 17 (SIGCHLD) received from 15
2023/09/19 11:30:51 [notice] 1#1: worker process 15 exited with code 0
2023/09/19 11:30:51 [notice] 1#1: signal 29 (SIGIO) received
2023/09/19 11:30:51 [notice] 1#1: signal 17 (SIGCHLD) received from 14
2023/09/19 11:30:51 [notice] 1#1: worker process 14 exited with code 0
2023/09/19 11:30:51 [notice] 1#1: signal 29 (SIGIO) received
2023/09/19 11:30:51 [notice] 1#1: signal 17 (SIGCHLD) received from 17
2023/09/19 11:30:51 [notice] 1#1: worker process 17 exited with code 0
2023/09/19 11:30:51 [notice] 1#1: signal 29 (SIGIO) received
2023/09/19 11:30:51 [notice] 1#1: signal 17 (SIGCHLD) received from 13
2023/09/19 11:30:51 [notice] 1#1: worker process 13 exited with code 0
2023/09/19 11:30:51 [notice] 1#1: signal 29 (SIGIO) received
2023/09/19 11:30:51 [notice] 1#1: signal 17 (SIGCHLD) received from 11
2023/09/19 11:30:51 [notice] 1#1: worker process 9 exited with code 0
2023/09/19 11:30:51 [notice] 1#1: worker process 11 exited with code 0
2023/09/19 11:30:51 [notice] 1#1: worker process 12 exited with code 0
2023/09/19 11:30:51 [notice] 1#1: signal 29 (SIGIO) received
2023/09/19 11:30:51 [notice] 1#1: signal 17 (SIGCHLD) received from 9
2023/09/19 11:30:51 [notice] 1#1: signal 17 (SIGCHLD) received from 8
2023/09/19 11:30:51 [notice] 1#1: worker process 8 exited with code 0
2023/09/19 11:30:51 [notice] 1#1: signal 29 (SIGIO) received
2023/09/19 11:30:51 [notice] 1#1: signal 17 (SIGCHLD) received from 10
2023/09/19 11:30:51 [notice] 1#1: worker process 10 exited with code 0
2023/09/19 11:30:51 [notice] 1#1: exit
2023/09/19 11:42:33 [notice] 1#1: using the "epoll" event method
2023/09/19 11:42:33 [notice] 1#1: nginx/1.25.2
2023/09/19 11:42:33 [notice] 1#1: built by gcc 12.2.0 (Debian 12.2.0-14) 
2023/09/19 11:42:33 [notice] 1#1: OS: Linux 6.2.0-32-generic
2023/09/19 11:42:33 [notice] 1#1: getrlimit(RLIMIT_NOFILE): 1048576:1048576
2023/09/19 11:42:33 [notice] 1#1: start worker processes
2023/09/19 11:42:33 [notice] 1#1: start worker process 7
2023/09/19 11:42:33 [notice] 1#1: start worker process 8
2023/09/19 11:42:33 [notice] 1#1: start worker process 9
2023/09/19 11:42:33 [notice] 1#1: start worker process 10
2023/09/19 11:42:33 [notice] 1#1: start worker process 11
2023/09/19 11:42:33 [notice] 1#1: start worker process 12
2023/09/19 11:42:33 [notice] 1#1: start worker process 13
2023/09/19 11:42:33 [notice] 1#1: start worker process 14
2023/09/19 11:42:33 [notice] 1#1: start worker process 15
2023/09/19 11:42:33 [notice] 1#1: start worker process 16
2023/09/19 11:42:33 [notice] 1#1: start worker process 17
2023/09/19 11:42:33 [notice] 1#1: start worker process 18
2023/09/19 11:43:31 [notice] 1#1: signal 3 (SIGQUIT) received, shutting down
2023/09/19 11:43:31 [notice] 8#8: gracefully shutting down
2023/09/19 11:43:31 [notice] 15#15: gracefully shutting down
2023/09/19 11:43:31 [notice] 17#17: gracefully shutting down
2023/09/19 11:43:31 [notice] 17#17: exiting
2023/09/19 11:43:31 [notice] 15#15: exiting
2023/09/19 11:43:31 [notice] 7#7: gracefully shutting down
2023/09/19 11:43:31 [notice] 13#13: gracefully shutting down
2023/09/19 11:43:31 [notice] 18#18: gracefully shutting down
2023/09/19 11:43:31 [notice] 14#14: gracefully shutting down
2023/09/19 11:43:31 [notice] 13#13: exiting
2023/09/19 11:43:31 [notice] 10#10: gracefully shutting down
2023/09/19 11:43:31 [notice] 11#11: gracefully shutting down
2023/09/19 11:43:31 [notice] 9#9: gracefully shutting down
2023/09/19 11:43:31 [notice] 16#16: gracefully shutting down
2023/09/19 11:43:31 [notice] 18#18: exiting
2023/09/19 11:43:31 [notice] 15#15: exit
2023/09/19 11:43:31 [notice] 14#14: exiting
2023/09/19 11:43:31 [notice] 17#17: exit
2023/09/19 11:43:31 [notice] 10#10: exiting
2023/09/19 11:43:31 [notice] 11#11: exiting
2023/09/19 11:43:31 [notice] 9#9: exiting
2023/09/19 11:43:31 [notice] 16#16: exiting
2023/09/19 11:43:31 [notice] 13#13: exit
2023/09/19 11:43:31 [notice] 18#18: exit
2023/09/19 11:43:31 [notice] 7#7: exiting
2023/09/19 11:43:31 [notice] 14#14: exit
2023/09/19 11:43:31 [notice] 10#10: exit
2023/09/19 11:43:31 [notice] 11#11: exit
2023/09/19 11:43:31 [notice] 9#9: exit
2023/09/19 11:43:31 [notice] 16#16: exit
2023/09/19 11:43:31 [notice] 7#7: exit
2023/09/19 11:43:31 [notice] 12#12: gracefully shutting down
2023/09/19 11:43:31 [notice] 12#12: exiting
2023/09/19 11:43:31 [notice] 12#12: exit
2023/09/19 11:43:31 [notice] 1#1: signal 17 (SIGCHLD) received from 18
2023/09/19 11:43:31 [notice] 1#1: worker process 12 exited with code 0
2023/09/19 11:43:31 [notice] 1#1: worker process 18 exited with code 0
2023/09/19 11:43:31 [notice] 1#1: signal 29 (SIGIO) received
2023/09/19 11:43:31 [notice] 1#1: signal 17 (SIGCHLD) received from 10
2023/09/19 11:43:31 [notice] 1#1: worker process 10 exited with code 0
2023/09/19 11:43:31 [notice] 1#1: signal 29 (SIGIO) received
2023/09/19 11:43:31 [notice] 1#1: signal 17 (SIGCHLD) received from 17
2023/09/19 11:43:31 [notice] 1#1: worker process 14 exited with code 0
2023/09/19 11:43:31 [notice] 1#1: worker process 16 exited with code 0
2023/09/19 11:43:31 [notice] 1#1: worker process 17 exited with code 0
2023/09/19 11:43:31 [notice] 1#1: signal 29 (SIGIO) received
2023/09/19 11:43:31 [notice] 1#1: signal 17 (SIGCHLD) received from 16
2023/09/19 11:43:32 [notice] 1#1: signal 17 (SIGCHLD) received from 13
2023/09/19 11:43:32 [notice] 1#1: worker process 13 exited with code 0
2023/09/19 11:43:32 [notice] 1#1: worker process 15 exited with code 0
2023/09/19 11:43:32 [notice] 1#1: signal 29 (SIGIO) received
2023/09/19 11:43:32 [notice] 1#1: signal 17 (SIGCHLD) received from 9
2023/09/19 11:43:32 [notice] 1#1: worker process 9 exited with code 0
2023/09/19 11:43:32 [notice] 1#1: signal 29 (SIGIO) received
2023/09/19 11:43:32 [notice] 1#1: signal 17 (SIGCHLD) received from 11
2023/09/19 11:43:32 [notice] 1#1: worker process 11 exited with code 0
2023/09/19 11:43:32 [notice] 1#1: signal 29 (SIGIO) received
2023/09/19 11:43:32 [notice] 1#1: signal 17 (SIGCHLD) received from 7
2023/09/19 11:43:32 [notice] 1#1: worker process 7 exited with code 0
2023/09/19 11:43:32 [notice] 1#1: signal 29 (SIGIO) received
2023/09/19 11:47:21 [notice] 1#1: using the "epoll" event method
2023/09/19 11:47:21 [notice] 1#1: nginx/1.25.2
2023/09/19 11:47:21 [notice] 1#1: built by gcc 12.2.0 (Debian 12.2.0-14) 
2023/09/19 11:47:21 [notice] 1#1: OS: Linux 6.2.0-32-generic
2023/09/19 11:47:21 [notice] 1#1: getrlimit(RLIMIT_NOFILE): 1048576:1048576
2023/09/19 11:47:21 [notice] 1#1: start worker processes
2023/09/19 11:47:21 [notice] 1#1: start worker process 7
2023/09/19 11:47:21 [notice] 1#1: start worker process 8
2023/09/19 11:47:21 [notice] 1#1: start worker process 9
2023/09/19 11:47:21 [notice] 1#1: start worker process 10
2023/09/19 11:47:21 [notice] 1#1: start worker process 11
2023/09/19 11:47:21 [notice] 1#1: start worker process 12
2023/09/19 11:47:21 [notice] 1#1: start worker process 13
2023/09/19 11:47:21 [notice] 1#1: start worker process 14
2023/09/19 11:47:21 [notice] 1#1: start worker process 15
2023/09/19 11:47:21 [notice] 1#1: start worker process 16
2023/09/19 11:47:21 [notice] 1#1: start worker process 17
2023/09/19 11:47:21 [notice] 1#1: start worker process 18
